[2025-08-07T00:26:49.419Z] [31MERROR[39M: uncaughtException: тип Unable to compile TypeScript:
[96msrc/modules/product/graphql/resolver.ts[0m:[93m18[0m:[93m9[0m - [91merror[0m[90m TS2741: [0mProperty 'flags' is missing in type '{}' but required in type '{ search?: string | undefined; isNew?: boolean | undefined; isFeatured?: boolean | undefined; isTrending?: boolean | undefined; isBestSeller?: boolean | undefined; minPrice?: number | undefined; maxPrice?: number | undefined; categoryId?: string | undefined; flags: string[]; }'.

[7m18[0m         filters = {},
[7m  [0m [91m        ~~~~~~~[0m

  [96msrc/modules/product/graphql/resolver.ts[0m:[93m31[0m:[93m11[0m
    [7m31[0m           flags: string[];
    [7m  [0m [96m          ~~~~~[0m
    'flags' is declared here.

TSError: тип Unable to compile TypeScript:
[96msrc/modules/product/graphql/resolver.ts[0m:[93m18[0m:[93m9[0m - [91merror[0m[90m TS2741: [0mProperty 'flags' is missing in type '{}' but required in type '{ search?: string | undefined; isNew?: boolean | undefined; isFeatured?: boolean | undefined; isTrending?: boolean | undefined; isBestSeller?: boolean | undefined; minPrice?: number | undefined; maxPrice?: number | undefined; categoryId?: string | undefined; flags: string[]; }'.

[7m18[0m         filters = {},
[7m  [0m [91m        ~~~~~~~[0m

  [96msrc/modules/product/graphql/resolver.ts[0m:[93m31[0m:[93m11[0m
    [7m31[0m           flags: string[];
    [7m  [0m [96m          ~~~~~[0m
    'flags' is declared here.

    at createTSError (/home/abdelrahman_aboalkhair/Dev/workspace/ss-ecommerce/src/server/node_modules/ts-node/src/index.ts:859:12)
    at reportTSError (/home/abdelrahman_aboalkhair/Dev/workspace/ss-ecommerce/src/server/node_modules/ts-node/src/index.ts:863:19)
    at getOutput (/home/abdelrahman_aboalkhair/Dev/workspace/ss-ecommerce/src/server/node_modules/ts-node/src/index.ts:1077:36)
    at Object.compile (/home/abdelrahman_aboalkhair/Dev/workspace/ss-ecommerce/src/server/node_modules/ts-node/src/index.ts:1433:41)
    at Module.m._compile (/home/abdelrahman_aboalkhair/Dev/workspace/ss-ecommerce/src/server/node_modules/ts-node/src/index.ts:1617:30)
    at node:internal/modules/cjs/loader:1895:10
    at Object.require.extensions.<computed> [as .ts] (/home/abdelrahman_aboalkhair/Dev/workspace/ss-ecommerce/src/server/node_modules/ts-node/src/index.ts:1621:12)
    at Module.load (node:internal/modules/cjs/loader:1465:32)
    at Function._load (node:internal/modules/cjs/loader:1282:12)
    at TracingChannel.traceSync (node:diagnostics_channel:322:14)
    at wrapModuleLoad (node:internal/modules/cjs/loader:235:24)
    at Module.require (node:internal/modules/cjs/loader:1487:12)
    at require (node:internal/modules/helpers:135:16)
    at Object.<anonymous> (/home/abdelrahman_aboalkhair/Dev/workspace/ss-ecommerce/src/server/src/modules/product/graphql/schema.ts:3:1)
    at Module._compile (node:internal/modules/cjs/loader:1730:14)
    at Module.m._compile (/home/abdelrahman_aboalkhair/Dev/workspace/ss-ecommerce/src/server/node_modules/ts-node/src/index.ts:1618:23)
[2025-08-07T00:27:08.834Z] [31MERROR[39M: uncaughtException: тип Unable to compile TypeScript:
[96msrc/modules/product/graphql/resolver.ts[0m:[93m18[0m:[93m9[0m - [91merror[0m[90m TS2741: [0mProperty 'flags' is missing in type '{}' but required in type '{ search?: string | undefined; isNew?: boolean | undefined; isFeatured?: boolean | undefined; isTrending?: boolean | undefined; isBestSeller?: boolean | undefined; minPrice?: number | undefined; maxPrice?: number | undefined; categoryId?: string | undefined; flags: string[]; }'.

[7m18[0m         filters = {},
[7m  [0m [91m        ~~~~~~~[0m

  [96msrc/modules/product/graphql/resolver.ts[0m:[93m31[0m:[93m11[0m
    [7m31[0m           flags: string[];
    [7m  [0m [96m          ~~~~~[0m
    'flags' is declared here.
[96msrc/modules/product/graphql/resolver.ts[0m:[93m96[0m:[93m14[0m - [91merror[0m[90m TS2695: [0mLeft side of comma operator is unused and has no side effects.

[7m96[0m     product: async (_: any, { slug }: { slug: string }, context: Context) => {
[7m  [0m [91m             ~~~~~~~~~~~~~~~~~~~~~~~~~~~~~~~~~~~~~~~~~~~~~~~~~~~~~~~~~~~~~~~~~[0m
[96msrc/modules/product/graphql/resolver.ts[0m:[93m119[0m:[93m5[0m - [91merror[0m[90m TS2304: [0mCannot find name 'newProducts'.

[7m119[0m     newProducts: async (
[7m   [0m [91m    ~~~~~~~~~~~[0m
[96msrc/modules/product/graphql/resolver.ts[0m:[93m119[0m:[93m18[0m - [91merror[0m[90m TS2695: [0mLeft side of comma operator is unused and has no side effects.

[7m119[0m     newProducts: async (
[7m   [0m [91m                 ~~~~~~~[0m
[7m120[0m       _: any,
[7m   [0m [91m~~~~~~~~~~~~~[0m
[7m...[0m 
[7m122[0m       context: Context
[7m   [0m [91m~~~~~~~~~~~~~~~~~~~~~~[0m
[7m123[0m     ) => {
[7m   [0m [91m~~~~~~~~~~[0m
[96msrc/modules/product/graphql/resolver.ts[0m:[93m143[0m:[93m5[0m - [91merror[0m[90m TS2304: [0mCannot find name 'featuredProducts'.

[7m143[0m     featuredProducts: async (
[7m   [0m [91m    ~~~~~~~~~~~~~~~~[0m
[96msrc/modules/product/graphql/resolver.ts[0m:[93m143[0m:[93m23[0m - [91merror[0m[90m TS2695: [0mLeft side of comma operator is unused and has no side effects.

[7m143[0m     featuredProducts: async (
[7m   [0m [91m                      ~~~~~~~[0m
[7m144[0m       _: any,
[7m   [0m [91m~~~~~~~~~~~~~[0m
[7m...[0m 
[7m146[0m       context: Context
[7m   [0m [91m~~~~~~~~~~~~~~~~~~~~~~[0m
[7m147[0m     ) => {
[7m   [0m [91m~~~~~~~~~~[0m
[96msrc/modules/product/graphql/resolver.ts[0m:[93m167[0m:[93m5[0m - [91merror[0m[90m TS2304: [0mCannot find name 'trendingProducts'.

[7m167[0m     trendingProducts: async (
[7m   [0m [91m    ~~~~~~~~~~~~~~~~[0m
[96msrc/modules/product/graphql/resolver.ts[0m:[93m167[0m:[93m23[0m - [91merror[0m[90m TS2695: [0mLeft side of comma operator is unused and has no side effects.

[7m167[0m     trendingProducts: async (
[7m   [0m [91m                      ~~~~~~~[0m
[7m168[0m       _: any,
[7m   [0m [91m~~~~~~~~~~~~~[0m
[7m...[0m 
[7m170[0m       context: Context
[7m   [0m [91m~~~~~~~~~~~~~~~~~~~~~~[0m
[7m171[0m     ) => {
[7m   [0m [91m~~~~~~~~~~[0m
[96msrc/modules/product/graphql/resolver.ts[0m:[93m191[0m:[93m5[0m - [91merror[0m[90m TS2304: [0mCannot find name 'bestSellerProducts'.

[7m191[0m     bestSellerProducts: async (
[7m   [0m [91m    ~~~~~~~~~~~~~~~~~~[0m
[96msrc/modules/product/graphql/resolver.ts[0m:[93m191[0m:[93m25[0m - [91merror[0m[90m TS2695: [0mLeft side of comma operator is unused and has no side effects.

[7m191[0m     bestSellerProducts: async (
[7m   [0m [91m                        ~~~~~~~[0m
[7m192[0m       _: any,
[7m   [0m [91m~~~~~~~~~~~~~[0m
[7m...[0m 
[7m194[0m       context: Context
[7m   [0m [91m~~~~~~~~~~~~~~~~~~~~~~[0m
[7m195[0m     ) => {
[7m   [0m [91m~~~~~~~~~~[0m
[96msrc/modules/product/graphql/resolver.ts[0m:[93m215[0m:[93m5[0m - [91merror[0m[90m TS2304: [0mCannot find name 'categories'.

[7m215[0m     categories: async (_: any, __: any, context: Context) => {
[7m   [0m [91m    ~~~~~~~~~~[0m
[96msrc/modules/product/graphql/resolver.ts[0m:[93m215[0m:[93m17[0m - [91merror[0m[90m TS2695: [0mLeft side of comma operator is unused and has no side effects.

[7m215[0m     categories: async (_: any, __: any, context: Context) => {
[7m   [0m [91m                ~~~~~~~~~~~~~~~~~~~~~~~~~~~~~~~~~~~~~~~~~~~~~~[0m
[96msrc/modules/product/graphql/resolver.ts[0m:[93m95[0m:[93m6[0m - [91merror[0m[90m TS1128: [0mDeclaration or statement expected.

[7m95[0m     },
[7m  [0m [91m     ~[0m
[96msrc/modules/product/graphql/resolver.ts[0m:[93m119[0m:[93m16[0m - [91merror[0m[90m TS1005: [0m';' expected.

[7m119[0m     newProducts: async (
[7m   [0m [91m               ~[0m
[96msrc/modules/product/graphql/resolver.ts[0m:[93m143[0m:[93m21[0m - [91merror[0m[90m TS1005: [0m';' expected.

[7m143[0m     featuredProducts: async (
[7m   [0m [91m                    ~[0m
[96msrc/modules/product/graphql/resolver.ts[0m:[93m167[0m:[93m21[0m - [91merror[0m[90m TS1005: [0m';' expected.

[7m167[0m     trendingProducts: async (
[7m   [0m [91m                    ~[0m
[96msrc/modules/product/graphql/resolver.ts[0m:[93m191[0m:[93m23[0m - [91merror[0m[90m TS1005: [0m';' expected.

[7m191[0m     bestSellerProducts: async (
[7m   [0m [91m                      ~[0m
[96msrc/modules/product/graphql/resolver.ts[0m:[93m215[0m:[93m15[0m - [91merror[0m[90m TS1005: [0m';' expected.

[7m215[0m     categories: async (_: any, __: any, context: Context) => {
[7m   [0m [91m              ~[0m
[96msrc/modules/product/graphql/resolver.ts[0m:[93m226[0m:[93m3[0m - [91merror[0m[90m TS1109: [0mExpression expected.

[7m226[0m   },
[7m   [0m [91m  ~[0m
[96msrc/modules/product/graphql/resolver.ts[0m:[93m238[0m:[93m2[0m - [91merror[0m[90m TS1005: [0m',' expected.

[7m238[0m };
[7m   [0m [91m ~[0m
[96msrc/modules/product/graphql/resolver.ts[0m:[93m239[0m:[93m1[0m - [91merror[0m[90m TS1005: [0m'}' expected.

[7m239[0m 
[7m   [0m [91m[0m

  [96msrc/modules/product/graphql/resolver.ts[0m:[93m11[0m:[93m33[0m
    [7m11[0m export const productResolvers = {
    [7m  [0m [96m                                ~[0m
    The parser expected to find a '}' to match the '{' token here.

TSError: тип Unable to compile TypeScript:
[96msrc/modules/product/graphql/resolver.ts[0m:[93m18[0m:[93m9[0m - [91merror[0m[90m TS2741: [0mProperty 'flags' is missing in type '{}' but required in type '{ search?: string | undefined; isNew?: boolean | undefined; isFeatured?: boolean | undefined; isTrending?: boolean | undefined; isBestSeller?: boolean | undefined; minPrice?: number | undefined; maxPrice?: number | undefined; categoryId?: string | undefined; flags: string[]; }'.

[7m18[0m         filters = {},
[7m  [0m [91m        ~~~~~~~[0m

  [96msrc/modules/product/graphql/resolver.ts[0m:[93m31[0m:[93m11[0m
    [7m31[0m           flags: string[];
    [7m  [0m [96m          ~~~~~[0m
    'flags' is declared here.
[96msrc/modules/product/graphql/resolver.ts[0m:[93m96[0m:[93m14[0m - [91merror[0m[90m TS2695: [0mLeft side of comma operator is unused and has no side effects.

[7m96[0m     product: async (_: any, { slug }: { slug: string }, context: Context) => {
[7m  [0m [91m             ~~~~~~~~~~~~~~~~~~~~~~~~~~~~~~~~~~~~~~~~~~~~~~~~~~~~~~~~~~~~~~~~~[0m
[96msrc/modules/product/graphql/resolver.ts[0m:[93m119[0m:[93m5[0m - [91merror[0m[90m TS2304: [0mCannot find name 'newProducts'.

[7m119[0m     newProducts: async (
[7m   [0m [91m    ~~~~~~~~~~~[0m
[96msrc/modules/product/graphql/resolver.ts[0m:[93m119[0m:[93m18[0m - [91merror[0m[90m TS2695: [0mLeft side of comma operator is unused and has no side effects.

[7m119[0m     newProducts: async (
[7m   [0m [91m                 ~~~~~~~[0m
[7m120[0m       _: any,
[7m   [0m [91m~~~~~~~~~~~~~[0m
[7m...[0m 
[7m122[0m       context: Context
[7m   [0m [91m~~~~~~~~~~~~~~~~~~~~~~[0m
[7m123[0m     ) => {
[7m   [0m [91m~~~~~~~~~~[0m
[96msrc/modules/product/graphql/resolver.ts[0m:[93m143[0m:[93m5[0m - [91merror[0m[90m TS2304: [0mCannot find name 'featuredProducts'.

[7m143[0m     featuredProducts: async (
[7m   [0m [91m    ~~~~~~~~~~~~~~~~[0m
[96msrc/modules/product/graphql/resolver.ts[0m:[93m143[0m:[93m23[0m - [91merror[0m[90m TS2695: [0mLeft side of comma operator is unused and has no side effects.

[7m143[0m     featuredProducts: async (
[7m   [0m [91m                      ~~~~~~~[0m
[7m144[0m       _: any,
[7m   [0m [91m~~~~~~~~~~~~~[0m
[7m...[0m 
[7m146[0m       context: Context
[7m   [0m [91m~~~~~~~~~~~~~~~~~~~~~~[0m
[7m147[0m     ) => {
[7m   [0m [91m~~~~~~~~~~[0m
[96msrc/modules/product/graphql/resolver.ts[0m:[93m167[0m:[93m5[0m - [91merror[0m[90m TS2304: [0mCannot find name 'trendingProducts'.

[7m167[0m     trendingProducts: async (
[7m   [0m [91m    ~~~~~~~~~~~~~~~~[0m
[96msrc/modules/product/graphql/resolver.ts[0m:[93m167[0m:[93m23[0m - [91merror[0m[90m TS2695: [0mLeft side of comma operator is unused and has no side effects.

[7m167[0m     trendingProducts: async (
[7m   [0m [91m                      ~~~~~~~[0m
[7m168[0m       _: any,
[7m   [0m [91m~~~~~~~~~~~~~[0m
[7m...[0m 
[7m170[0m       context: Context
[7m   [0m [91m~~~~~~~~~~~~~~~~~~~~~~[0m
[7m171[0m     ) => {
[7m   [0m [91m~~~~~~~~~~[0m
[96msrc/modules/product/graphql/resolver.ts[0m:[93m191[0m:[93m5[0m - [91merror[0m[90m TS2304: [0mCannot find name 'bestSellerProducts'.

[7m191[0m     bestSellerProducts: async (
[7m   [0m [91m    ~~~~~~~~~~~~~~~~~~[0m
[96msrc/modules/product/graphql/resolver.ts[0m:[93m191[0m:[93m25[0m - [91merror[0m[90m TS2695: [0mLeft side of comma operator is unused and has no side effects.

[7m191[0m     bestSellerProducts: async (
[7m   [0m [91m                        ~~~~~~~[0m
[7m192[0m       _: any,
[7m   [0m [91m~~~~~~~~~~~~~[0m
[7m...[0m 
[7m194[0m       context: Context
[7m   [0m [91m~~~~~~~~~~~~~~~~~~~~~~[0m
[7m195[0m     ) => {
[7m   [0m [91m~~~~~~~~~~[0m
[96msrc/modules/product/graphql/resolver.ts[0m:[93m215[0m:[93m5[0m - [91merror[0m[90m TS2304: [0mCannot find name 'categories'.

[7m215[0m     categories: async (_: any, __: any, context: Context) => {
[7m   [0m [91m    ~~~~~~~~~~[0m
[96msrc/modules/product/graphql/resolver.ts[0m:[93m215[0m:[93m17[0m - [91merror[0m[90m TS2695: [0mLeft side of comma operator is unused and has no side effects.

[7m215[0m     categories: async (_: any, __: any, context: Context) => {
[7m   [0m [91m                ~~~~~~~~~~~~~~~~~~~~~~~~~~~~~~~~~~~~~~~~~~~~~~[0m
[96msrc/modules/product/graphql/resolver.ts[0m:[93m95[0m:[93m6[0m - [91merror[0m[90m TS1128: [0mDeclaration or statement expected.

[7m95[0m     },
[7m  [0m [91m     ~[0m
[96msrc/modules/product/graphql/resolver.ts[0m:[93m119[0m:[93m16[0m - [91merror[0m[90m TS1005: [0m';' expected.

[7m119[0m     newProducts: async (
[7m   [0m [91m               ~[0m
[96msrc/modules/product/graphql/resolver.ts[0m:[93m143[0m:[93m21[0m - [91merror[0m[90m TS1005: [0m';' expected.

[7m143[0m     featuredProducts: async (
[7m   [0m [91m                    ~[0m
[96msrc/modules/product/graphql/resolver.ts[0m:[93m167[0m:[93m21[0m - [91merror[0m[90m TS1005: [0m';' expected.

[7m167[0m     trendingProducts: async (
[7m   [0m [91m                    ~[0m
[96msrc/modules/product/graphql/resolver.ts[0m:[93m191[0m:[93m23[0m - [91merror[0m[90m TS1005: [0m';' expected.

[7m191[0m     bestSellerProducts: async (
[7m   [0m [91m                      ~[0m
[96msrc/modules/product/graphql/resolver.ts[0m:[93m215[0m:[93m15[0m - [91merror[0m[90m TS1005: [0m';' expected.

[7m215[0m     categories: async (_: any, __: any, context: Context) => {
[7m   [0m [91m              ~[0m
[96msrc/modules/product/graphql/resolver.ts[0m:[93m226[0m:[93m3[0m - [91merror[0m[90m TS1109: [0mExpression expected.

[7m226[0m   },
[7m   [0m [91m  ~[0m
[96msrc/modules/product/graphql/resolver.ts[0m:[93m238[0m:[93m2[0m - [91merror[0m[90m TS1005: [0m',' expected.

[7m238[0m };
[7m   [0m [91m ~[0m
[96msrc/modules/product/graphql/resolver.ts[0m:[93m239[0m:[93m1[0m - [91merror[0m[90m TS1005: [0m'}' expected.

[7m239[0m 
[7m   [0m [91m[0m

  [96msrc/modules/product/graphql/resolver.ts[0m:[93m11[0m:[93m33[0m
    [7m11[0m export const productResolvers = {
    [7m  [0m [96m                                ~[0m
    The parser expected to find a '}' to match the '{' token here.

    at createTSError (/home/abdelrahman_aboalkhair/Dev/workspace/ss-ecommerce/src/server/node_modules/ts-node/src/index.ts:859:12)
    at reportTSError (/home/abdelrahman_aboalkhair/Dev/workspace/ss-ecommerce/src/server/node_modules/ts-node/src/index.ts:863:19)
    at getOutput (/home/abdelrahman_aboalkhair/Dev/workspace/ss-ecommerce/src/server/node_modules/ts-node/src/index.ts:1077:36)
    at Object.compile (/home/abdelrahman_aboalkhair/Dev/workspace/ss-ecommerce/src/server/node_modules/ts-node/src/index.ts:1433:41)
    at Module.m._compile (/home/abdelrahman_aboalkhair/Dev/workspace/ss-ecommerce/src/server/node_modules/ts-node/src/index.ts:1617:30)
    at node:internal/modules/cjs/loader:1895:10
    at Object.require.extensions.<computed> [as .ts] (/home/abdelrahman_aboalkhair/Dev/workspace/ss-ecommerce/src/server/node_modules/ts-node/src/index.ts:1621:12)
    at Module.load (node:internal/modules/cjs/loader:1465:32)
    at Function._load (node:internal/modules/cjs/loader:1282:12)
    at TracingChannel.traceSync (node:diagnostics_channel:322:14)
    at wrapModuleLoad (node:internal/modules/cjs/loader:235:24)
    at Module.require (node:internal/modules/cjs/loader:1487:12)
    at require (node:internal/modules/helpers:135:16)
    at Object.<anonymous> (/home/abdelrahman_aboalkhair/Dev/workspace/ss-ecommerce/src/server/src/modules/product/graphql/schema.ts:3:1)
    at Module._compile (node:internal/modules/cjs/loader:1730:14)
    at Module.m._compile (/home/abdelrahman_aboalkhair/Dev/workspace/ss-ecommerce/src/server/node_modules/ts-node/src/index.ts:1618:23)
[2025-08-07T01:40:59.595Z] [31MERROR[39M: uncaughtException: тип Unable to compile TypeScript:
[96msrc/shared/utils/auth/oauthUtils.ts[0m:[93m131[0m:[93m50[0m - [91merror[0m[90m TS1109: [0mExpression expected.

[7m131[0m         process.env.NODE_ENV === "production" ?  : "http://localhost:3000",
[7m   [0m [91m                                                 ~[0m

TSError: тип Unable to compile TypeScript:
[96msrc/shared/utils/auth/oauthUtils.ts[0m:[93m131[0m:[93m50[0m - [91merror[0m[90m TS1109: [0mExpression expected.

[7m131[0m         process.env.NODE_ENV === "production" ?  : "http://localhost:3000",
[7m   [0m [91m                                                 ~[0m

    at createTSError (/home/abdelrahman_aboalkhair/Dev/workspace/ss-ecommerce/src/server/node_modules/ts-node/src/index.ts:859:12)
    at reportTSError (/home/abdelrahman_aboalkhair/Dev/workspace/ss-ecommerce/src/server/node_modules/ts-node/src/index.ts:863:19)
    at getOutput (/home/abdelrahman_aboalkhair/Dev/workspace/ss-ecommerce/src/server/node_modules/ts-node/src/index.ts:1077:36)
    at Object.compile (/home/abdelrahman_aboalkhair/Dev/workspace/ss-ecommerce/src/server/node_modules/ts-node/src/index.ts:1433:41)
    at Module.m._compile (/home/abdelrahman_aboalkhair/Dev/workspace/ss-ecommerce/src/server/node_modules/ts-node/src/index.ts:1617:30)
    at node:internal/modules/cjs/loader:1895:10
    at Object.require.extensions.<computed> [as .ts] (/home/abdelrahman_aboalkhair/Dev/workspace/ss-ecommerce/src/server/node_modules/ts-node/src/index.ts:1621:12)
    at Module.load (node:internal/modules/cjs/loader:1465:32)
    at Function._load (node:internal/modules/cjs/loader:1282:12)
    at TracingChannel.traceSync (node:diagnostics_channel:322:14)
[2025-08-07T21:36:05.263Z] [31MERROR[39M: uncaughtException: OAuthStrategy requires a consumerSecret option
Error: OAuthStrategy requires a consumerSecret option
    at Strategy.OAuthStrategy (/home/abdelrahman_aboalkhair/Dev/workspace/ss-ecommerce/src/server/node_modules/passport-oauth/lib/passport-oauth/strategies/oauth.js:70:51)
    at new Strategy (/home/abdelrahman_aboalkhair/Dev/workspace/ss-ecommerce/src/server/node_modules/passport-twitter/lib/passport-twitter/strategy.js:50:17)
    at configurePassport (/home/abdelrahman_aboalkhair/Dev/workspace/ss-ecommerce/src/server/src/infra/passport/passport.ts:53:5)
    at /home/abdelrahman_aboalkhair/Dev/workspace/ss-ecommerce/src/server/src/app.ts:72:20
    at Generator.next (<anonymous>)
    at fulfilled (/home/abdelrahman_aboalkhair/Dev/workspace/ss-ecommerce/src/server/src/app.ts:5:58)
[2025-08-07T21:44:45.773Z] [31MERROR[39M: uncaughtException: тип Unable to compile TypeScript:
[96msrc/infra/passport/passport.ts[0m:[93m74[0m:[93m23[0m - [91merror[0m[90m TS2345: [0mArgument of type 'Error' is not assignable to parameter of type 'VerifyErrors | null'.
  Type 'Error' is missing the following properties from type 'TokenExpiredError': expiredAt, inner

[7m74[0m           return done(new Error("Failed to fetch Twitter profile"));
[7m  [0m [91m                      ~~~~~~~~~~~~~~~~~~~~~~~~~~~~~~~~~~~~~~~~~~~~[0m

TSError: тип Unable to compile TypeScript:
[96msrc/infra/passport/passport.ts[0m:[93m74[0m:[93m23[0m - [91merror[0m[90m TS2345: [0mArgument of type 'Error' is not assignable to parameter of type 'VerifyErrors | null'.
  Type 'Error' is missing the following properties from type 'TokenExpiredError': expiredAt, inner

[7m74[0m           return done(new Error("Failed to fetch Twitter profile"));
[7m  [0m [91m                      ~~~~~~~~~~~~~~~~~~~~~~~~~~~~~~~~~~~~~~~~~~~~[0m

    at createTSError (/home/abdelrahman_aboalkhair/Dev/workspace/ss-ecommerce/src/server/node_modules/ts-node/src/index.ts:859:12)
    at reportTSError (/home/abdelrahman_aboalkhair/Dev/workspace/ss-ecommerce/src/server/node_modules/ts-node/src/index.ts:863:19)
    at getOutput (/home/abdelrahman_aboalkhair/Dev/workspace/ss-ecommerce/src/server/node_modules/ts-node/src/index.ts:1077:36)
    at Object.compile (/home/abdelrahman_aboalkhair/Dev/workspace/ss-ecommerce/src/server/node_modules/ts-node/src/index.ts:1433:41)
    at Module.m._compile (/home/abdelrahman_aboalkhair/Dev/workspace/ss-ecommerce/src/server/node_modules/ts-node/src/index.ts:1617:30)
    at node:internal/modules/cjs/loader:1895:10
    at Object.require.extensions.<computed> [as .ts] (/home/abdelrahman_aboalkhair/Dev/workspace/ss-ecommerce/src/server/node_modules/ts-node/src/index.ts:1621:12)
    at Module.load (node:internal/modules/cjs/loader:1465:32)
    at Function._load (node:internal/modules/cjs/loader:1282:12)
    at TracingChannel.traceSync (node:diagnostics_channel:322:14)
[2025-08-07T22:05:59.642Z] [31MERROR[39M: uncaughtException: тип Unable to compile TypeScript:
[96msrc/infra/passport/passport.ts[0m:[93m5[0m:[93m19[0m - [91merror[0m[90m TS2305: [0mModule '"passport"' has no exported member 'VerifyCallback'.

[7m5[0m import { Profile, VerifyCallback } from "passport";
[7m [0m [91m                  ~~~~~~~~~~~~~~[0m

TSError: тип Unable to compile TypeScript:
[96msrc/infra/passport/passport.ts[0m:[93m5[0m:[93m19[0m - [91merror[0m[90m TS2305: [0mModule '"passport"' has no exported member 'VerifyCallback'.

[7m5[0m import { Profile, VerifyCallback } from "passport";
[7m [0m [91m                  ~~~~~~~~~~~~~~[0m

    at createTSError (/home/abdelrahman_aboalkhair/Dev/workspace/ss-ecommerce/src/server/node_modules/ts-node/src/index.ts:859:12)
    at reportTSError (/home/abdelrahman_aboalkhair/Dev/workspace/ss-ecommerce/src/server/node_modules/ts-node/src/index.ts:863:19)
    at getOutput (/home/abdelrahman_aboalkhair/Dev/workspace/ss-ecommerce/src/server/node_modules/ts-node/src/index.ts:1077:36)
    at Object.compile (/home/abdelrahman_aboalkhair/Dev/workspace/ss-ecommerce/src/server/node_modules/ts-node/src/index.ts:1433:41)
    at Module.m._compile (/home/abdelrahman_aboalkhair/Dev/workspace/ss-ecommerce/src/server/node_modules/ts-node/src/index.ts:1617:30)
    at node:internal/modules/cjs/loader:1895:10
    at Object.require.extensions.<computed> [as .ts] (/home/abdelrahman_aboalkhair/Dev/workspace/ss-ecommerce/src/server/node_modules/ts-node/src/index.ts:1621:12)
    at Module.load (node:internal/modules/cjs/loader:1465:32)
    at Function._load (node:internal/modules/cjs/loader:1282:12)
    at TracingChannel.traceSync (node:diagnostics_channel:322:14)
[2025-08-07T22:08:38.850Z] [31MERROR[39M: uncaughtException: тип Unable to compile TypeScript:
[96msrc/modules/auth/auth.routes.ts[0m:[93m99[0m:[93m11[0m - [91merror[0m[90m TS2304: [0mCannot find name 'cartService'.

[7m99[0m     await cartService?.mergeCartsOnLogin(sessionId, userId);
[7m  [0m [91m          ~~~~~~~~~~~[0m

TSError: тип Unable to compile TypeScript:
[96msrc/modules/auth/auth.routes.ts[0m:[93m99[0m:[93m11[0m - [91merror[0m[90m TS2304: [0mCannot find name 'cartService'.

[7m99[0m     await cartService?.mergeCartsOnLogin(sessionId, userId);
[7m  [0m [91m          ~~~~~~~~~~~[0m

    at createTSError (/home/abdelrahman_aboalkhair/Dev/workspace/ss-ecommerce/src/server/node_modules/ts-node/src/index.ts:859:12)
    at reportTSError (/home/abdelrahman_aboalkhair/Dev/workspace/ss-ecommerce/src/server/node_modules/ts-node/src/index.ts:863:19)
    at getOutput (/home/abdelrahman_aboalkhair/Dev/workspace/ss-ecommerce/src/server/node_modules/ts-node/src/index.ts:1077:36)
    at Object.compile (/home/abdelrahman_aboalkhair/Dev/workspace/ss-ecommerce/src/server/node_modules/ts-node/src/index.ts:1433:41)
    at Module.m._compile (/home/abdelrahman_aboalkhair/Dev/workspace/ss-ecommerce/src/server/node_modules/ts-node/src/index.ts:1617:30)
    at node:internal/modules/cjs/loader:1895:10
    at Object.require.extensions.<computed> [as .ts] (/home/abdelrahman_aboalkhair/Dev/workspace/ss-ecommerce/src/server/node_modules/ts-node/src/index.ts:1621:12)
    at Module.load (node:internal/modules/cjs/loader:1465:32)
    at Function._load (node:internal/modules/cjs/loader:1282:12)
    at TracingChannel.traceSync (node:diagnostics_channel:322:14)
[2025-08-07T22:12:23.999Z] [31MERROR[39M: uncaughtException: тип Unable to compile TypeScript:
[96msrc/modules/auth/auth.routes.ts[0m:[93m15[0m:[93m7[0m - [91merror[0m[90m TS7022: [0m'CLIENT_URL_DEV' implicitly has type 'any' because it does not have a type annotation and is referenced directly or indirectly in its own initializer.

[7m15[0m const CLIENT_URL_DEV = CLIENT_URL_DEV;
[7m  [0m [91m      ~~~~~~~~~~~~~~[0m
[96msrc/modules/auth/auth.routes.ts[0m:[93m15[0m:[93m24[0m - [91merror[0m[90m TS2448: [0mBlock-scoped variable 'CLIENT_URL_DEV' used before its declaration.

[7m15[0m const CLIENT_URL_DEV = CLIENT_URL_DEV;
[7m  [0m [91m                       ~~~~~~~~~~~~~~[0m

  [96msrc/modules/auth/auth.routes.ts[0m:[93m15[0m:[93m7[0m
    [7m15[0m const CLIENT_URL_DEV = CLIENT_URL_DEV;
    [7m  [0m [96m      ~~~~~~~~~~~~~~[0m
    'CLIENT_URL_DEV' is declared here.
[96msrc/modules/auth/auth.routes.ts[0m:[93m16[0m:[93m7[0m - [91merror[0m[90m TS7022: [0m'CLIENT_URL_PROD' implicitly has type 'any' because it does not have a type annotation and is referenced directly or indirectly in its own initializer.

[7m16[0m const CLIENT_URL_PROD = CLIENT_URL_PROD;
[7m  [0m [91m      ~~~~~~~~~~~~~~~[0m
[96msrc/modules/auth/auth.routes.ts[0m:[93m16[0m:[93m25[0m - [91merror[0m[90m TS2448: [0mBlock-scoped variable 'CLIENT_URL_PROD' used before its declaration.

[7m16[0m const CLIENT_URL_PROD = CLIENT_URL_PROD;
[7m  [0m [91m                        ~~~~~~~~~~~~~~~[0m

  [96msrc/modules/auth/auth.routes.ts[0m:[93m16[0m:[93m7[0m
    [7m16[0m const CLIENT_URL_PROD = CLIENT_URL_PROD;
    [7m  [0m [96m      ~~~~~~~~~~~~~~~[0m
    'CLIENT_URL_PROD' is declared here.
[96msrc/modules/auth/auth.routes.ts[0m:[93m17[0m:[93m7[0m - [91merror[0m[90m TS7022: [0m'env' implicitly has type 'any' because it does not have a type annotation and is referenced directly or indirectly in its own initializer.

[7m17[0m const env = env;
[7m  [0m [91m      ~~~[0m
[96msrc/modules/auth/auth.routes.ts[0m:[93m17[0m:[93m13[0m - [91merror[0m[90m TS2448: [0mBlock-scoped variable 'env' used before its declaration.

[7m17[0m const env = env;
[7m  [0m [91m            ~~~[0m

  [96msrc/modules/auth/auth.routes.ts[0m:[93m17[0m:[93m7[0m
    [7m17[0m const env = env;
    [7m  [0m [96m      ~~~[0m
    'env' is declared here.

TSError: тип Unable to compile TypeScript:
[96msrc/modules/auth/auth.routes.ts[0m:[93m15[0m:[93m7[0m - [91merror[0m[90m TS7022: [0m'CLIENT_URL_DEV' implicitly has type 'any' because it does not have a type annotation and is referenced directly or indirectly in its own initializer.

[7m15[0m const CLIENT_URL_DEV = CLIENT_URL_DEV;
[7m  [0m [91m      ~~~~~~~~~~~~~~[0m
[96msrc/modules/auth/auth.routes.ts[0m:[93m15[0m:[93m24[0m - [91merror[0m[90m TS2448: [0mBlock-scoped variable 'CLIENT_URL_DEV' used before its declaration.

[7m15[0m const CLIENT_URL_DEV = CLIENT_URL_DEV;
[7m  [0m [91m                       ~~~~~~~~~~~~~~[0m

  [96msrc/modules/auth/auth.routes.ts[0m:[93m15[0m:[93m7[0m
    [7m15[0m const CLIENT_URL_DEV = CLIENT_URL_DEV;
    [7m  [0m [96m      ~~~~~~~~~~~~~~[0m
    'CLIENT_URL_DEV' is declared here.
[96msrc/modules/auth/auth.routes.ts[0m:[93m16[0m:[93m7[0m - [91merror[0m[90m TS7022: [0m'CLIENT_URL_PROD' implicitly has type 'any' because it does not have a type annotation and is referenced directly or indirectly in its own initializer.

[7m16[0m const CLIENT_URL_PROD = CLIENT_URL_PROD;
[7m  [0m [91m      ~~~~~~~~~~~~~~~[0m
[96msrc/modules/auth/auth.routes.ts[0m:[93m16[0m:[93m25[0m - [91merror[0m[90m TS2448: [0mBlock-scoped variable 'CLIENT_URL_PROD' used before its declaration.

[7m16[0m const CLIENT_URL_PROD = CLIENT_URL_PROD;
[7m  [0m [91m                        ~~~~~~~~~~~~~~~[0m

  [96msrc/modules/auth/auth.routes.ts[0m:[93m16[0m:[93m7[0m
    [7m16[0m const CLIENT_URL_PROD = CLIENT_URL_PROD;
    [7m  [0m [96m      ~~~~~~~~~~~~~~~[0m
    'CLIENT_URL_PROD' is declared here.
[96msrc/modules/auth/auth.routes.ts[0m:[93m17[0m:[93m7[0m - [91merror[0m[90m TS7022: [0m'env' implicitly has type 'any' because it does not have a type annotation and is referenced directly or indirectly in its own initializer.

[7m17[0m const env = env;
[7m  [0m [91m      ~~~[0m
[96msrc/modules/auth/auth.routes.ts[0m:[93m17[0m:[93m13[0m - [91merror[0m[90m TS2448: [0mBlock-scoped variable 'env' used before its declaration.

[7m17[0m const env = env;
[7m  [0m [91m            ~~~[0m

  [96msrc/modules/auth/auth.routes.ts[0m:[93m17[0m:[93m7[0m
    [7m17[0m const env = env;
    [7m  [0m [96m      ~~~[0m
    'env' is declared here.

    at createTSError (/home/abdelrahman_aboalkhair/Dev/workspace/ss-ecommerce/src/server/node_modules/ts-node/src/index.ts:859:12)
    at reportTSError (/home/abdelrahman_aboalkhair/Dev/workspace/ss-ecommerce/src/server/node_modules/ts-node/src/index.ts:863:19)
    at getOutput (/home/abdelrahman_aboalkhair/Dev/workspace/ss-ecommerce/src/server/node_modules/ts-node/src/index.ts:1077:36)
    at Object.compile (/home/abdelrahman_aboalkhair/Dev/workspace/ss-ecommerce/src/server/node_modules/ts-node/src/index.ts:1433:41)
    at Module.m._compile (/home/abdelrahman_aboalkhair/Dev/workspace/ss-ecommerce/src/server/node_modules/ts-node/src/index.ts:1617:30)
    at node:internal/modules/cjs/loader:1895:10
    at Object.require.extensions.<computed> [as .ts] (/home/abdelrahman_aboalkhair/Dev/workspace/ss-ecommerce/src/server/node_modules/ts-node/src/index.ts:1621:12)
    at Module.load (node:internal/modules/cjs/loader:1465:32)
    at Function._load (node:internal/modules/cjs/loader:1282:12)
    at TracingChannel.traceSync (node:diagnostics_channel:322:14)
[2025-08-07T22:13:22.494Z] [31MERROR[39M: uncaughtException: тип Unable to compile TypeScript:
[96msrc/modules/auth/auth.routes.ts[0m:[93m5[0m:[93m3[0m - [91merror[0m[90m TS2724: [0m'"@/shared/utils/auth/oauthUtils"' has no exported member named 'handleSocialLoginCallback'. Did you mean 'handleSocialLogin'?

[7m5[0m   handleSocialLoginCallback,
[7m [0m [91m  ~~~~~~~~~~~~~~~~~~~~~~~~~[0m

  [96msrc/shared/utils/auth/oauthUtils.ts[0m:[93m123[0m:[93m14[0m
    [7m123[0m export const handleSocialLogin = (provider: string) => {
    [7m   [0m [96m             ~~~~~~~~~~~~~~~~~[0m
    'handleSocialLogin' is declared here.

TSError: тип Unable to compile TypeScript:
[96msrc/modules/auth/auth.routes.ts[0m:[93m5[0m:[93m3[0m - [91merror[0m[90m TS2724: [0m'"@/shared/utils/auth/oauthUtils"' has no exported member named 'handleSocialLoginCallback'. Did you mean 'handleSocialLogin'?

[7m5[0m   handleSocialLoginCallback,
[7m [0m [91m  ~~~~~~~~~~~~~~~~~~~~~~~~~[0m

  [96msrc/shared/utils/auth/oauthUtils.ts[0m:[93m123[0m:[93m14[0m
    [7m123[0m export const handleSocialLogin = (provider: string) => {
    [7m   [0m [96m             ~~~~~~~~~~~~~~~~~[0m
    'handleSocialLogin' is declared here.

    at createTSError (/home/abdelrahman_aboalkhair/Dev/workspace/ss-ecommerce/src/server/node_modules/ts-node/src/index.ts:859:12)
    at reportTSError (/home/abdelrahman_aboalkhair/Dev/workspace/ss-ecommerce/src/server/node_modules/ts-node/src/index.ts:863:19)
    at getOutput (/home/abdelrahman_aboalkhair/Dev/workspace/ss-ecommerce/src/server/node_modules/ts-node/src/index.ts:1077:36)
    at Object.compile (/home/abdelrahman_aboalkhair/Dev/workspace/ss-ecommerce/src/server/node_modules/ts-node/src/index.ts:1433:41)
    at Module.m._compile (/home/abdelrahman_aboalkhair/Dev/workspace/ss-ecommerce/src/server/node_modules/ts-node/src/index.ts:1617:30)
    at node:internal/modules/cjs/loader:1895:10
    at Object.require.extensions.<computed> [as .ts] (/home/abdelrahman_aboalkhair/Dev/workspace/ss-ecommerce/src/server/node_modules/ts-node/src/index.ts:1621:12)
    at Module.load (node:internal/modules/cjs/loader:1465:32)
    at Function._load (node:internal/modules/cjs/loader:1282:12)
    at TracingChannel.traceSync (node:diagnostics_channel:322:14)
[2025-08-07T22:13:29.478Z] [31MERROR[39M: uncaughtException: тип Unable to compile TypeScript:
[96msrc/modules/auth/auth.routes.ts[0m:[93m5[0m:[93m3[0m - [91merror[0m[90m TS2724: [0m'"@/shared/utils/auth/oauthUtils"' has no exported member named 'handleSocialLoginCallback'. Did you mean 'handleSocialLogin'?

[7m5[0m   handleSocialLoginCallback,
[7m [0m [91m  ~~~~~~~~~~~~~~~~~~~~~~~~~[0m

  [96msrc/shared/utils/auth/oauthUtils.ts[0m:[93m59[0m:[93m14[0m
    [7m59[0m export const handleSocialLogin = (provider: string) => {
    [7m  [0m [96m             ~~~~~~~~~~~~~~~~~[0m
    'handleSocialLogin' is declared here.

TSError: тип Unable to compile TypeScript:
[96msrc/modules/auth/auth.routes.ts[0m:[93m5[0m:[93m3[0m - [91merror[0m[90m TS2724: [0m'"@/shared/utils/auth/oauthUtils"' has no exported member named 'handleSocialLoginCallback'. Did you mean 'handleSocialLogin'?

[7m5[0m   handleSocialLoginCallback,
[7m [0m [91m  ~~~~~~~~~~~~~~~~~~~~~~~~~[0m

  [96msrc/shared/utils/auth/oauthUtils.ts[0m:[93m59[0m:[93m14[0m
    [7m59[0m export const handleSocialLogin = (provider: string) => {
    [7m  [0m [96m             ~~~~~~~~~~~~~~~~~[0m
    'handleSocialLogin' is declared here.

    at createTSError (/home/abdelrahman_aboalkhair/Dev/workspace/ss-ecommerce/src/server/node_modules/ts-node/src/index.ts:859:12)
    at reportTSError (/home/abdelrahman_aboalkhair/Dev/workspace/ss-ecommerce/src/server/node_modules/ts-node/src/index.ts:863:19)
    at getOutput (/home/abdelrahman_aboalkhair/Dev/workspace/ss-ecommerce/src/server/node_modules/ts-node/src/index.ts:1077:36)
    at Object.compile (/home/abdelrahman_aboalkhair/Dev/workspace/ss-ecommerce/src/server/node_modules/ts-node/src/index.ts:1433:41)
    at Module.m._compile (/home/abdelrahman_aboalkhair/Dev/workspace/ss-ecommerce/src/server/node_modules/ts-node/src/index.ts:1617:30)
    at node:internal/modules/cjs/loader:1895:10
    at Object.require.extensions.<computed> [as .ts] (/home/abdelrahman_aboalkhair/Dev/workspace/ss-ecommerce/src/server/node_modules/ts-node/src/index.ts:1621:12)
    at Module.load (node:internal/modules/cjs/loader:1465:32)
    at Function._load (node:internal/modules/cjs/loader:1282:12)
    at TracingChannel.traceSync (node:diagnostics_channel:322:14)
[2025-08-07T22:13:36.027Z] [31MERROR[39M: uncaughtException: тип Unable to compile TypeScript:
[96msrc/modules/auth/auth.routes.ts[0m:[93m5[0m:[93m3[0m - [91merror[0m[90m TS2724: [0m'"@/shared/utils/auth/oauthUtils"' has no exported member named 'handleSocialLoginCallback'. Did you mean 'handleSocialLogin'?

[7m5[0m   handleSocialLoginCallback,
[7m [0m [91m  ~~~~~~~~~~~~~~~~~~~~~~~~~[0m

  [96msrc/shared/utils/auth/oauthUtils.ts[0m:[93m13[0m:[93m14[0m
    [7m13[0m export const handleSocialLogin = (provider: string) => {
    [7m  [0m [96m             ~~~~~~~~~~~~~~~~~[0m
    'handleSocialLogin' is declared here.

TSError: тип Unable to compile TypeScript:
[96msrc/modules/auth/auth.routes.ts[0m:[93m5[0m:[93m3[0m - [91merror[0m[90m TS2724: [0m'"@/shared/utils/auth/oauthUtils"' has no exported member named 'handleSocialLoginCallback'. Did you mean 'handleSocialLogin'?

[7m5[0m   handleSocialLoginCallback,
[7m [0m [91m  ~~~~~~~~~~~~~~~~~~~~~~~~~[0m

  [96msrc/shared/utils/auth/oauthUtils.ts[0m:[93m13[0m:[93m14[0m
    [7m13[0m export const handleSocialLogin = (provider: string) => {
    [7m  [0m [96m             ~~~~~~~~~~~~~~~~~[0m
    'handleSocialLogin' is declared here.

    at createTSError (/home/abdelrahman_aboalkhair/Dev/workspace/ss-ecommerce/src/server/node_modules/ts-node/src/index.ts:859:12)
    at reportTSError (/home/abdelrahman_aboalkhair/Dev/workspace/ss-ecommerce/src/server/node_modules/ts-node/src/index.ts:863:19)
    at getOutput (/home/abdelrahman_aboalkhair/Dev/workspace/ss-ecommerce/src/server/node_modules/ts-node/src/index.ts:1077:36)
    at Object.compile (/home/abdelrahman_aboalkhair/Dev/workspace/ss-ecommerce/src/server/node_modules/ts-node/src/index.ts:1433:41)
    at Module.m._compile (/home/abdelrahman_aboalkhair/Dev/workspace/ss-ecommerce/src/server/node_modules/ts-node/src/index.ts:1617:30)
    at node:internal/modules/cjs/loader:1895:10
    at Object.require.extensions.<computed> [as .ts] (/home/abdelrahman_aboalkhair/Dev/workspace/ss-ecommerce/src/server/node_modules/ts-node/src/index.ts:1621:12)
    at Module.load (node:internal/modules/cjs/loader:1465:32)
    at Function._load (node:internal/modules/cjs/loader:1282:12)
    at TracingChannel.traceSync (node:diagnostics_channel:322:14)
[2025-08-07T22:13:47.232Z] [31MERROR[39M: uncaughtException: тип Unable to compile TypeScript:
[96msrc/modules/auth/auth.routes.ts[0m:[93m5[0m:[93m3[0m - [91merror[0m[90m TS2724: [0m'"@/shared/utils/auth/oauthUtils"' has no exported member named 'handleSocialLoginCallback'. Did you mean 'handleSocialLogin'?

[7m5[0m   handleSocialLoginCallback,
[7m [0m [91m  ~~~~~~~~~~~~~~~~~~~~~~~~~[0m

  [96msrc/shared/utils/auth/oauthUtils.ts[0m:[93m3[0m:[93m14[0m
    [7m3[0m export const handleSocialLogin = (provider: string) => {
    [7m [0m [96m             ~~~~~~~~~~~~~~~~~[0m
    'handleSocialLogin' is declared here.

TSError: тип Unable to compile TypeScript:
[96msrc/modules/auth/auth.routes.ts[0m:[93m5[0m:[93m3[0m - [91merror[0m[90m TS2724: [0m'"@/shared/utils/auth/oauthUtils"' has no exported member named 'handleSocialLoginCallback'. Did you mean 'handleSocialLogin'?

[7m5[0m   handleSocialLoginCallback,
[7m [0m [91m  ~~~~~~~~~~~~~~~~~~~~~~~~~[0m

  [96msrc/shared/utils/auth/oauthUtils.ts[0m:[93m3[0m:[93m14[0m
    [7m3[0m export const handleSocialLogin = (provider: string) => {
    [7m [0m [96m             ~~~~~~~~~~~~~~~~~[0m
    'handleSocialLogin' is declared here.

    at createTSError (/home/abdelrahman_aboalkhair/Dev/workspace/ss-ecommerce/src/server/node_modules/ts-node/src/index.ts:859:12)
    at reportTSError (/home/abdelrahman_aboalkhair/Dev/workspace/ss-ecommerce/src/server/node_modules/ts-node/src/index.ts:863:19)
    at getOutput (/home/abdelrahman_aboalkhair/Dev/workspace/ss-ecommerce/src/server/node_modules/ts-node/src/index.ts:1077:36)
    at Object.compile (/home/abdelrahman_aboalkhair/Dev/workspace/ss-ecommerce/src/server/node_modules/ts-node/src/index.ts:1433:41)
    at Module.m._compile (/home/abdelrahman_aboalkhair/Dev/workspace/ss-ecommerce/src/server/node_modules/ts-node/src/index.ts:1617:30)
    at node:internal/modules/cjs/loader:1895:10
    at Object.require.extensions.<computed> [as .ts] (/home/abdelrahman_aboalkhair/Dev/workspace/ss-ecommerce/src/server/node_modules/ts-node/src/index.ts:1621:12)
    at Module.load (node:internal/modules/cjs/loader:1465:32)
    at Function._load (node:internal/modules/cjs/loader:1282:12)
    at TracingChannel.traceSync (node:diagnostics_channel:322:14)
[2025-08-07T22:13:58.795Z] [31MERROR[39M: uncaughtException: тип Unable to compile TypeScript:
[96msrc/modules/auth/auth.routes.ts[0m:[93m4[0m:[93m3[0m - [91merror[0m[90m TS2614: [0mModule '"@/shared/utils/auth/oauthUtils"' has no exported member 'handleSocialLogin'. Did you mean to use 'import handleSocialLogin from "@/shared/utils/auth/oauthUtils"' instead?

[7m4[0m   handleSocialLogin,
[7m [0m [91m  ~~~~~~~~~~~~~~~~~[0m
[96msrc/modules/auth/auth.routes.ts[0m:[93m5[0m:[93m3[0m - [91merror[0m[90m TS2614: [0mModule '"@/shared/utils/auth/oauthUtils"' has no exported member 'handleSocialLoginCallback'. Did you mean to use 'import handleSocialLoginCallback from "@/shared/utils/auth/oauthUtils"' instead?

[7m5[0m   handleSocialLoginCallback,
[7m [0m [91m  ~~~~~~~~~~~~~~~~~~~~~~~~~[0m

TSError: тип Unable to compile TypeScript:
[96msrc/modules/auth/auth.routes.ts[0m:[93m4[0m:[93m3[0m - [91merror[0m[90m TS2614: [0mModule '"@/shared/utils/auth/oauthUtils"' has no exported member 'handleSocialLogin'. Did you mean to use 'import handleSocialLogin from "@/shared/utils/auth/oauthUtils"' instead?

[7m4[0m   handleSocialLogin,
[7m [0m [91m  ~~~~~~~~~~~~~~~~~[0m
[96msrc/modules/auth/auth.routes.ts[0m:[93m5[0m:[93m3[0m - [91merror[0m[90m TS2614: [0mModule '"@/shared/utils/auth/oauthUtils"' has no exported member 'handleSocialLoginCallback'. Did you mean to use 'import handleSocialLoginCallback from "@/shared/utils/auth/oauthUtils"' instead?

[7m5[0m   handleSocialLoginCallback,
[7m [0m [91m  ~~~~~~~~~~~~~~~~~~~~~~~~~[0m

    at createTSError (/home/abdelrahman_aboalkhair/Dev/workspace/ss-ecommerce/src/server/node_modules/ts-node/src/index.ts:859:12)
    at reportTSError (/home/abdelrahman_aboalkhair/Dev/workspace/ss-ecommerce/src/server/node_modules/ts-node/src/index.ts:863:19)
    at getOutput (/home/abdelrahman_aboalkhair/Dev/workspace/ss-ecommerce/src/server/node_modules/ts-node/src/index.ts:1077:36)
    at Object.compile (/home/abdelrahman_aboalkhair/Dev/workspace/ss-ecommerce/src/server/node_modules/ts-node/src/index.ts:1433:41)
    at Module.m._compile (/home/abdelrahman_aboalkhair/Dev/workspace/ss-ecommerce/src/server/node_modules/ts-node/src/index.ts:1617:30)
    at node:internal/modules/cjs/loader:1895:10
    at Object.require.extensions.<computed> [as .ts] (/home/abdelrahman_aboalkhair/Dev/workspace/ss-ecommerce/src/server/node_modules/ts-node/src/index.ts:1621:12)
    at Module.load (node:internal/modules/cjs/loader:1465:32)
    at Function._load (node:internal/modules/cjs/loader:1282:12)
    at TracingChannel.traceSync (node:diagnostics_channel:322:14)
[2025-08-07T22:14:07.214Z] [31MERROR[39M: uncaughtException: тип Unable to compile TypeScript:
[96msrc/modules/auth/auth.routes.ts[0m:[93m3[0m:[93m10[0m - [91merror[0m[90m TS2614: [0mModule '"@/shared/utils/auth/handleSocialLogin"' has no exported member 'handleSocialLogin'. Did you mean to use 'import handleSocialLogin from "@/shared/utils/auth/handleSocialLogin"' instead?

[7m3[0m import { handleSocialLogin } from "@/shared/utils/auth/handleSocialLogin";
[7m [0m [91m         ~~~~~~~~~~~~~~~~~[0m

TSError: тип Unable to compile TypeScript:
[96msrc/modules/auth/auth.routes.ts[0m:[93m3[0m:[93m10[0m - [91merror[0m[90m TS2614: [0mModule '"@/shared/utils/auth/handleSocialLogin"' has no exported member 'handleSocialLogin'. Did you mean to use 'import handleSocialLogin from "@/shared/utils/auth/handleSocialLogin"' instead?

[7m3[0m import { handleSocialLogin } from "@/shared/utils/auth/handleSocialLogin";
[7m [0m [91m         ~~~~~~~~~~~~~~~~~[0m

    at createTSError (/home/abdelrahman_aboalkhair/Dev/workspace/ss-ecommerce/src/server/node_modules/ts-node/src/index.ts:859:12)
    at reportTSError (/home/abdelrahman_aboalkhair/Dev/workspace/ss-ecommerce/src/server/node_modules/ts-node/src/index.ts:863:19)
    at getOutput (/home/abdelrahman_aboalkhair/Dev/workspace/ss-ecommerce/src/server/node_modules/ts-node/src/index.ts:1077:36)
    at Object.compile (/home/abdelrahman_aboalkhair/Dev/workspace/ss-ecommerce/src/server/node_modules/ts-node/src/index.ts:1433:41)
    at Module.m._compile (/home/abdelrahman_aboalkhair/Dev/workspace/ss-ecommerce/src/server/node_modules/ts-node/src/index.ts:1617:30)
    at node:internal/modules/cjs/loader:1895:10
    at Object.require.extensions.<computed> [as .ts] (/home/abdelrahman_aboalkhair/Dev/workspace/ss-ecommerce/src/server/node_modules/ts-node/src/index.ts:1621:12)
    at Module.load (node:internal/modules/cjs/loader:1465:32)
    at Function._load (node:internal/modules/cjs/loader:1282:12)
    at TracingChannel.traceSync (node:diagnostics_channel:322:14)
